C:\Program Files (x86)\Microsoft Visual Studio\2019\Community\MSBuild\Microsoft\VC\v160\Microsoft.CppBuild.targets(505,5): warning MSB8004: Output Directory does not end with a trailing slash.  This build instance will add the slash as it is required to allow proper evaluation of the Output Directory.
  App.cpp
D:\Physics_Engine\Game\Source\Log.h(4,1): warning C4005: 'LOG': macro redefinition
D:\Physics_Engine\Game\Source\Globals.h(5): message : see previous definition of 'LOG'
D:\Physics_Engine\Game\Source\App.cpp(166,31): warning C4244: '=': conversion from 'double' to 'float', possible loss of data
D:\Physics_Engine\Game\Source\App.cpp(184,18): warning C4244: 'initializing': conversion from 'double' to 'int', possible loss of data
D:\Physics_Engine\Game\Source\App.cpp(196,14): warning C4244: 'initializing': conversion from 'double' to 'float', possible loss of data
D:\Physics_Engine\Game\Source\App.cpp(202,47): warning C4244: 'argument': conversion from 'float' to 'Uint32', possible loss of data
  Audio.cpp
  Input.cpp
  Main.cpp
  Render.cpp
D:\Physics_Engine\Game\Source\Log.h(4,1): warning C4005: 'LOG': macro redefinition
D:\Physics_Engine\Game\Source\Globals.h(5): message : see previous definition of 'LOG'
  Scene.cpp
D:\Physics_Engine\Game\Source\Log.h(4,1): warning C4005: 'LOG': macro redefinition
D:\Physics_Engine\Game\Source\Globals.h(5): message : see previous definition of 'LOG'
  Textures.cpp
D:\Physics_Engine\Game\Source\Log.h(4,1): warning C4005: 'LOG': macro redefinition
D:\Physics_Engine\Game\Source\Globals.h(5): message : see previous definition of 'LOG'
D:\Physics_Engine\Game\Source\List.h(118,1): warning C4150: deletion of pointer to incomplete type 'SDL_Texture'; no destructor called
D:\Physics_Engine\Game\Source\Textures.h(8): message : see declaration of 'SDL_Texture'
D:\Physics_Engine\Game\Source\List.h(85): message : while compiling class template member function 'bool List<SDL_Texture *>::del(ListItem<tdata> *)'
          with
          [
              tdata=SDL_Texture *
          ]
D:\Physics_Engine\Game\Source\Textures.cpp(92): message : see reference to function template instantiation 'bool List<SDL_Texture *>::del(ListItem<tdata> *)' being compiled
          with
          [
              tdata=SDL_Texture *
          ]
D:\Physics_Engine\Game\Source\Textures.h(37): message : see reference to class template instantiation 'List<SDL_Texture *>' being compiled
  Window.cpp
  Generating Code...
  Game.vcxproj -> D:\Physics_Engine\Build\Debug\Game.exe
  已复制         1 个文件。
